<?xml version="1.0" encoding="UTF-8"?>
<!-- Generated by org.testng.reporters.JUnitReportReporter -->
<testsuite skipped="0" hostname="QAP27-PC" name="testnggroups.TestGroupExample" tests="2" failures="0" timestamp="07 Sep 2018 06:58:40 GMT" time="0.012" errors="0">
  <testcase name="testMethod3" time="0.001" classname="testnggroups.TestGroupExample"/>
  <testcase name="testMethod1" time="0.011" classname="testnggroups.TestGroupExample"/>
</testsuite> <!-- testnggroups.TestGroupExample -->
