<?xml version="1.0" encoding="UTF-8"?>
<!-- Generated by org.testng.reporters.JUnitReportReporter -->
<testsuite skipped="0" hostname="QAP27-PC" name="testnggroups.Excludindgroups" tests="2" failures="0" timestamp="07 Sep 2018 07:48:44 GMT" time="0.018" errors="0">
  <testcase name="test1" time="0.014" classname="testnggroups.Excludindgroups"/>
  <testcase name="test3" time="0.004" classname="testnggroups.Excludindgroups"/>
</testsuite> <!-- testnggroups.Excludindgroups -->
