<?xml version="1.0" encoding="UTF-8"?>
<!-- Generated by org.testng.reporters.JUnitReportReporter -->
<testsuite skipped="0" hostname="QAP27-PC" name="testNG.Example3" tests="2" failures="0" timestamp="06 Sep 2018 07:54:06 GMT" time="0.003" errors="0">
  <testcase name="addLocation" time="0.002" classname="testNG.Example3"/>
  <testcase name="editCompany" time="0.001" classname="testNG.Example3"/>
</testsuite> <!-- testNG.Example3 -->
