<?xml version="1.0" encoding="UTF-8"?>
<!-- Generated by org.testng.reporters.JUnitReportReporter -->
<testsuite skipped="0" hostname="QAP27-PC" name="testNG.Example2" tests="2" failures="0" timestamp="06 Sep 2018 07:54:06 GMT" time="0.018" errors="0">
  <testcase name="deleteLocation" time="0.016" classname="testNG.Example2"/>
  <testcase name="editLocation" time="0.002" classname="testNG.Example2"/>
</testsuite> <!-- testNG.Example2 -->
