<?xml version="1.0" encoding="UTF-8"?>
<!-- Generated by org.testng.reporters.JUnitReportReporter -->
<testsuite skipped="0" hostname="QAP27-PC" name="datadriven.Parameters1" tests="1" failures="0" timestamp="08 Sep 2018 04:40:17 GMT" time="5.497" errors="0">
  <testcase name="test" time="5.497" classname="datadriven.Parameters1"/>
</testsuite> <!-- datadriven.Parameters1 -->
