<?xml version="1.0" encoding="UTF-8"?>
<!-- Generated by org.testng.reporters.JUnitReportReporter -->
<testsuite skipped="0" hostname="QAP27-PC" name="testnggroups.MultipleGroupExample" tests="2" failures="0" timestamp="07 Sep 2018 07:12:14 GMT" time="0.011" errors="0">
  <testcase name="test3" time="0.001" classname="testnggroups.MultipleGroupExample"/>
  <testcase name="test2" time="0.010" classname="testnggroups.MultipleGroupExample"/>
</testsuite> <!-- testnggroups.MultipleGroupExample -->
