<?xml version="1.0" encoding="UTF-8"?>
<!-- Generated by org.testng.reporters.JUnitReportReporter -->
<testsuite skipped="0" hostname="QAP27-PC" name="datadriven.VerifyLoginTest" tests="3" failures="0" timestamp="08 Sep 2018 04:24:40 GMT" time="22.451" errors="0">
  <testcase name="verifyLogin" time="10.048" classname="datadriven.VerifyLoginTest"/>
  <testcase name="verifyLogin" time="6.217" classname="datadriven.VerifyLoginTest"/>
  <testcase name="verifyLogin" time="6.186" classname="datadriven.VerifyLoginTest"/>
</testsuite> <!-- datadriven.VerifyLoginTest -->
