<?xml version="1.0" encoding="UTF-8"?>
<!-- Generated by org.testng.reporters.JUnitReportReporter -->
<testsuite skipped="0" hostname="QAP27-PC" name="testnggroups.DefaultGroup" tests="2" failures="0" timestamp="07 Sep 2018 07:27:54 GMT" time="0.008" errors="0">
  <testcase name="test1" time="0.006" classname="testnggroups.DefaultGroup"/>
  <testcase name="test2" time="0.002" classname="testnggroups.DefaultGroup"/>
</testsuite> <!-- testnggroups.DefaultGroup -->
